0 info it worked if it ends with ok
1 verbose cli [ '/usr/bin/nodejs', '/usr/bin/npm', 'install' ]
2 info using npm@3.5.2
3 info using node@v4.2.6
4 silly loadCurrentTree Starting
5 silly install loadCurrentTree
6 silly install readLocalPackageData
7 silly install normalizeTree
8 silly loadCurrentTree Finishing
9 silly loadIdealTree Starting
10 silly install loadIdealTree
11 silly cloneCurrentTree Starting
12 silly install cloneCurrentTreeToIdealTree
13 silly cloneCurrentTree Finishing
14 silly loadShrinkwrap Starting
15 silly install loadShrinkwrap
16 silly loadShrinkwrap Finishing
17 silly loadAllDepsIntoIdealTree Starting
18 silly install loadAllDepsIntoIdealTree
19 silly fetchNamedPackageData history
20 silly mapToRegistry name history
21 silly mapToRegistry using default registry
22 silly mapToRegistry registry https://registry.npmjs.org/
23 silly mapToRegistry uri https://registry.npmjs.org/history
24 silly fetchNamedPackageData re-base
25 silly mapToRegistry name re-base
26 silly mapToRegistry using default registry
27 silly mapToRegistry registry https://registry.npmjs.org/
28 silly mapToRegistry uri https://registry.npmjs.org/re-base
29 silly fetchNamedPackageData react
30 silly mapToRegistry name react
31 silly mapToRegistry using default registry
32 silly mapToRegistry registry https://registry.npmjs.org/
33 silly mapToRegistry uri https://registry.npmjs.org/react
34 silly fetchNamedPackageData react-addons-css-transition-group
35 silly mapToRegistry name react-addons-css-transition-group
36 silly mapToRegistry using default registry
37 silly mapToRegistry registry https://registry.npmjs.org/
38 silly mapToRegistry uri https://registry.npmjs.org/react-addons-css-transition-group
39 silly fetchNamedPackageData react-dom
40 silly mapToRegistry name react-dom
41 silly mapToRegistry using default registry
42 silly mapToRegistry registry https://registry.npmjs.org/
43 silly mapToRegistry uri https://registry.npmjs.org/react-dom
44 silly fetchNamedPackageData react-router
45 silly mapToRegistry name react-router
46 silly mapToRegistry using default registry
47 silly mapToRegistry registry https://registry.npmjs.org/
48 silly mapToRegistry uri https://registry.npmjs.org/react-router
49 verbose request uri https://registry.npmjs.org/history
50 verbose request no auth needed
51 info attempt registry request try #1 at 8:39:09 PM
52 verbose request id f4196f21e2e2a146
53 http request GET https://registry.npmjs.org/history
54 verbose request uri https://registry.npmjs.org/re-base
55 verbose request no auth needed
56 info attempt registry request try #1 at 8:39:09 PM
57 http request GET https://registry.npmjs.org/re-base
58 verbose request uri https://registry.npmjs.org/react
59 verbose request no auth needed
60 info attempt registry request try #1 at 8:39:09 PM
61 http request GET https://registry.npmjs.org/react
62 verbose request uri https://registry.npmjs.org/react-addons-css-transition-group
63 verbose request no auth needed
64 info attempt registry request try #1 at 8:39:09 PM
65 http request GET https://registry.npmjs.org/react-addons-css-transition-group
66 verbose request uri https://registry.npmjs.org/react-dom
67 verbose request no auth needed
68 info attempt registry request try #1 at 8:39:09 PM
69 http request GET https://registry.npmjs.org/react-dom
70 verbose request uri https://registry.npmjs.org/react-router
71 verbose request no auth needed
72 info attempt registry request try #1 at 8:39:09 PM
73 http request GET https://registry.npmjs.org/react-router
74 info retry will retry, error on last attempt: Error: getaddrinfo EAI_AGAIN registry.npmjs.org:443
75 info retry will retry, error on last attempt: Error: getaddrinfo EAI_AGAIN registry.npmjs.org:443
76 info retry will retry, error on last attempt: Error: getaddrinfo EAI_AGAIN registry.npmjs.org:443
77 info retry will retry, error on last attempt: Error: getaddrinfo EAI_AGAIN registry.npmjs.org:443
78 info retry will retry, error on last attempt: Error: getaddrinfo EAI_AGAIN registry.npmjs.org:443
79 info retry will retry, error on last attempt: Error: getaddrinfo EAI_AGAIN registry.npmjs.org:443
80 info attempt registry request try #2 at 8:39:19 PM
81 http request GET https://registry.npmjs.org/history
82 info attempt registry request try #2 at 8:39:19 PM
83 http request GET https://registry.npmjs.org/re-base
84 info attempt registry request try #2 at 8:39:19 PM
85 http request GET https://registry.npmjs.org/react
86 info attempt registry request try #2 at 8:39:19 PM
87 http request GET https://registry.npmjs.org/react-addons-css-transition-group
88 info attempt registry request try #2 at 8:39:19 PM
89 http request GET https://registry.npmjs.org/react-dom
90 info attempt registry request try #2 at 8:39:19 PM
91 http request GET https://registry.npmjs.org/react-router
92 info retry will retry, error on last attempt: Error: getaddrinfo EAI_AGAIN registry.npmjs.org:443
93 info retry will retry, error on last attempt: Error: getaddrinfo EAI_AGAIN registry.npmjs.org:443
94 info retry will retry, error on last attempt: Error: getaddrinfo EAI_AGAIN registry.npmjs.org:443
95 info retry will retry, error on last attempt: Error: getaddrinfo EAI_AGAIN registry.npmjs.org:443
96 info retry will retry, error on last attempt: Error: getaddrinfo EAI_AGAIN registry.npmjs.org:443
97 info retry will retry, error on last attempt: Error: getaddrinfo EAI_AGAIN registry.npmjs.org:443
98 info attempt registry request try #3 at 8:40:19 PM
99 http request GET https://registry.npmjs.org/history
100 info attempt registry request try #3 at 8:40:19 PM
101 http request GET https://registry.npmjs.org/re-base
102 info attempt registry request try #3 at 8:40:19 PM
103 http request GET https://registry.npmjs.org/react
104 info attempt registry request try #3 at 8:40:19 PM
105 http request GET https://registry.npmjs.org/react-addons-css-transition-group
106 info attempt registry request try #3 at 8:40:19 PM
107 http request GET https://registry.npmjs.org/react-dom
108 info attempt registry request try #3 at 8:40:19 PM
109 http request GET https://registry.npmjs.org/react-router
110 silly fetchPackageMetaData Error: getaddrinfo EAI_AGAIN registry.npmjs.org:443
110 silly fetchPackageMetaData     at Object.exports._errnoException (util.js:870:11)
110 silly fetchPackageMetaData     at errnoException (dns.js:31:15)
110 silly fetchPackageMetaData     at GetAddrInfoReqWrap.onlookup [as oncomplete] (dns.js:77:26)
110 silly fetchPackageMetaData  error for history@4.2.0 { [Error: getaddrinfo EAI_AGAIN registry.npmjs.org:443]
110 silly fetchPackageMetaData   code: 'EAI_AGAIN',
110 silly fetchPackageMetaData   errno: 'EAI_AGAIN',
110 silly fetchPackageMetaData   syscall: 'getaddrinfo',
110 silly fetchPackageMetaData   hostname: 'registry.npmjs.org',
110 silly fetchPackageMetaData   host: 'registry.npmjs.org',
110 silly fetchPackageMetaData   port: 443 }
111 silly fetchPackageMetaData Error: getaddrinfo EAI_AGAIN registry.npmjs.org:443
111 silly fetchPackageMetaData     at Object.exports._errnoException (util.js:870:11)
111 silly fetchPackageMetaData     at errnoException (dns.js:31:15)
111 silly fetchPackageMetaData     at GetAddrInfoReqWrap.onlookup [as oncomplete] (dns.js:77:26)
111 silly fetchPackageMetaData  error for re-base@2.2.0 { [Error: getaddrinfo EAI_AGAIN registry.npmjs.org:443]
111 silly fetchPackageMetaData   code: 'EAI_AGAIN',
111 silly fetchPackageMetaData   errno: 'EAI_AGAIN',
111 silly fetchPackageMetaData   syscall: 'getaddrinfo',
111 silly fetchPackageMetaData   hostname: 'registry.npmjs.org',
111 silly fetchPackageMetaData   host: 'registry.npmjs.org',
111 silly fetchPackageMetaData   port: 443 }
112 silly fetchPackageMetaData Error: getaddrinfo EAI_AGAIN registry.npmjs.org:443
112 silly fetchPackageMetaData     at Object.exports._errnoException (util.js:870:11)
112 silly fetchPackageMetaData     at errnoException (dns.js:31:15)
112 silly fetchPackageMetaData     at GetAddrInfoReqWrap.onlookup [as oncomplete] (dns.js:77:26)
112 silly fetchPackageMetaData  error for react@15.3.2 { [Error: getaddrinfo EAI_AGAIN registry.npmjs.org:443]
112 silly fetchPackageMetaData   code: 'EAI_AGAIN',
112 silly fetchPackageMetaData   errno: 'EAI_AGAIN',
112 silly fetchPackageMetaData   syscall: 'getaddrinfo',
112 silly fetchPackageMetaData   hostname: 'registry.npmjs.org',
112 silly fetchPackageMetaData   host: 'registry.npmjs.org',
112 silly fetchPackageMetaData   port: 443 }
113 silly fetchPackageMetaData Error: getaddrinfo EAI_AGAIN registry.npmjs.org:443
113 silly fetchPackageMetaData     at Object.exports._errnoException (util.js:870:11)
113 silly fetchPackageMetaData     at errnoException (dns.js:31:15)
113 silly fetchPackageMetaData     at GetAddrInfoReqWrap.onlookup [as oncomplete] (dns.js:77:26)
113 silly fetchPackageMetaData  error for react-addons-css-transition-group@15.3.2 { [Error: getaddrinfo EAI_AGAIN registry.npmjs.org:443]
113 silly fetchPackageMetaData   code: 'EAI_AGAIN',
113 silly fetchPackageMetaData   errno: 'EAI_AGAIN',
113 silly fetchPackageMetaData   syscall: 'getaddrinfo',
113 silly fetchPackageMetaData   hostname: 'registry.npmjs.org',
113 silly fetchPackageMetaData   host: 'registry.npmjs.org',
113 silly fetchPackageMetaData   port: 443 }
114 silly fetchPackageMetaData Error: getaddrinfo EAI_AGAIN registry.npmjs.org:443
114 silly fetchPackageMetaData     at Object.exports._errnoException (util.js:870:11)
114 silly fetchPackageMetaData     at errnoException (dns.js:31:15)
114 silly fetchPackageMetaData     at GetAddrInfoReqWrap.onlookup [as oncomplete] (dns.js:77:26)
114 silly fetchPackageMetaData  error for react-dom@15.3.2 { [Error: getaddrinfo EAI_AGAIN registry.npmjs.org:443]
114 silly fetchPackageMetaData   code: 'EAI_AGAIN',
114 silly fetchPackageMetaData   errno: 'EAI_AGAIN',
114 silly fetchPackageMetaData   syscall: 'getaddrinfo',
114 silly fetchPackageMetaData   hostname: 'registry.npmjs.org',
114 silly fetchPackageMetaData   host: 'registry.npmjs.org',
114 silly fetchPackageMetaData   port: 443 }
115 silly fetchPackageMetaData Error: getaddrinfo EAI_AGAIN registry.npmjs.org:443
115 silly fetchPackageMetaData     at Object.exports._errnoException (util.js:870:11)
115 silly fetchPackageMetaData     at errnoException (dns.js:31:15)
115 silly fetchPackageMetaData     at GetAddrInfoReqWrap.onlookup [as oncomplete] (dns.js:77:26)
115 silly fetchPackageMetaData  error for react-router@4.0.0-alpha.4 { [Error: getaddrinfo EAI_AGAIN registry.npmjs.org:443]
115 silly fetchPackageMetaData   code: 'EAI_AGAIN',
115 silly fetchPackageMetaData   errno: 'EAI_AGAIN',
115 silly fetchPackageMetaData   syscall: 'getaddrinfo',
115 silly fetchPackageMetaData   hostname: 'registry.npmjs.org',
115 silly fetchPackageMetaData   host: 'registry.npmjs.org',
115 silly fetchPackageMetaData   port: 443 }
116 silly rollbackFailedOptional Starting
117 silly rollbackFailedOptional Finishing
118 silly runTopLevelLifecycles Starting
119 silly runTopLevelLifecycles Finishing
120 silly install printInstalled
121 verbose stack Error: getaddrinfo EAI_AGAIN registry.npmjs.org:443
121 verbose stack     at Object.exports._errnoException (util.js:870:11)
121 verbose stack     at errnoException (dns.js:31:15)
121 verbose stack     at GetAddrInfoReqWrap.onlookup [as oncomplete] (dns.js:77:26)
122 verbose cwd /media/geetha/Local Disk/[Wes Bos] React for Beginners/React for Beginners/React-For-Beginners-Starter-Files-master/catch-of-the-day
123 error Linux 4.10.0-28-generic
124 error argv "/usr/bin/nodejs" "/usr/bin/npm" "install"
125 error node v4.2.6
126 error npm  v3.5.2
127 error code EAI_AGAIN
128 error errno EAI_AGAIN
129 error syscall getaddrinfo
130 error getaddrinfo EAI_AGAIN registry.npmjs.org:443
131 error If you need help, you may report this error at:
131 error     <https://github.com/npm/npm/issues>
132 verbose exit [ 1, true ]
